\BOOKMARK [0][]{section*.2}{Acknowledgment}{}% 1
\BOOKMARK [0][]{chapter*.3}{List of Figures}{}% 2
\BOOKMARK [0][]{chapter*.4}{List of Tables}{}% 3
\BOOKMARK [0][]{section*.6}{Nomenclature and Abbreviation }{}% 4
\BOOKMARK [0][]{section*.7}{Abstract}{}% 5
\BOOKMARK [0][]{chapter.1}{INTRODUCTION}{}% 6
\BOOKMARK [1][]{section.1.1}{Relevance}{chapter.1}% 7
\BOOKMARK [1][]{section.1.2}{Objectives}{chapter.1}% 8
\BOOKMARK [0][]{chapter.2}{LITERATURE REVIEW}{}% 9
\BOOKMARK [0][]{chapter.3}{COMPONENT SELECTION}{}% 10
\BOOKMARK [1][]{section.3.1}{Introduction}{chapter.3}% 11
\BOOKMARK [2][]{subsection.3.1.1}{Good Sensor}{section.3.1}% 12
\BOOKMARK [2][]{subsection.3.1.2}{Affects of Precision}{section.3.1}% 13
\BOOKMARK [2][]{subsection.3.1.3}{Other Important Qualities In a Sensor}{section.3.1}% 14
\BOOKMARK [1][]{section.3.2}{Raspberry Pi}{chapter.3}% 15
\BOOKMARK [1][]{section.3.3}{Temperature Sensors}{chapter.3}% 16
\BOOKMARK [2][]{subsection.3.3.1}{Thermocouple}{section.3.3}% 17
\BOOKMARK [2][]{subsection.3.3.2}{RTD}{section.3.3}% 18
\BOOKMARK [2][]{subsection.3.3.3}{Thermistor}{section.3.3}% 19
\BOOKMARK [2][]{subsection.3.3.4}{Comparison}{section.3.3}% 20
\BOOKMARK [1][]{section.3.4}{Humidity Sensor}{chapter.3}% 21
\BOOKMARK [2][]{subsection.3.4.1}{Relative humidity Sensors}{section.3.4}% 22
\BOOKMARK [2][]{subsection.3.4.2}{Absolute humidity sensors}{section.3.4}% 23
\BOOKMARK [1][]{section.3.5}{Rain Gauge}{chapter.3}% 24
\BOOKMARK [2][]{subsection.3.5.1}{Tipping bucket gauges}{section.3.5}% 25
\BOOKMARK [2][]{subsection.3.5.2}{Optical rain gauge}{section.3.5}% 26
\BOOKMARK [2][]{subsection.3.5.3}{Measurement}{section.3.5}% 27
\BOOKMARK [1][]{section.3.6}{Water Level Sensor}{chapter.3}% 28
\BOOKMARK [2][]{subsection.3.6.1}{Sensing Points}{section.3.6}% 29
\BOOKMARK [2][]{subsection.3.6.2}{Measuring method}{section.3.6}% 30
\BOOKMARK [0][]{chapter*.8}{References}{}% 31
\BOOKMARK [0][]{appendix.A}{LIST OF PUBLICATIONS}{}% 32
