This is pdfTeX, Version 3.1415926-2.3-1.40.12 (MiKTeX 2.9) (preloaded format=pdflatex 2011.6.7)  9 FEB 2012 13:23
entering extended mode
**E:/LaTeX/Examples/Ex*10.tex
("E:/LaTeX/Examples/Ex 10.tex"
LaTeX2e <2009/09/24>
Babel <v3.8l> and hyphenation patterns for english, afrikaans, ancientgreek, ar
abic, armenian, assamese, basque, bengali, bokmal, bulgarian, catalan, coptic, 
croatian, czech, danish, dutch, esperanto, estonian, farsi, finnish, french, ga
lician, german, german-x-2009-06-19, greek, gujarati, hindi, hungarian, iceland
ic, indonesian, interlingua, irish, italian, kannada, kurmanji, lao, latin, lat
vian, lithuanian, malayalam, marathi, mongolian, mongolianlmc, monogreek, ngerm
an, ngerman-x-2009-06-19, nynorsk, oriya, panjabi, pinyin, polish, portuguese, 
romanian, russian, sanskrit, serbian, slovak, slovenian, spanish, swedish, swis
sgerman, tamil, telugu, turkish, turkmen, ukenglish, ukrainian, uppersorbian, u
senglishmax, welsh, loaded.
(E:\Latex\Tool\tex\latex\base\article.cls
Document Class: article 2007/10/19 v1.4h Standard LaTeX document class
(E:\Latex\Tool\tex\latex\base\size12.clo
File: size12.clo 2007/10/19 v1.4h Standard LaTeX file (size option)
)
\c@part=\count79
\c@section=\count80
\c@subsection=\count81
\c@subsubsection=\count82
\c@paragraph=\count83
\c@subparagraph=\count84
\c@figure=\count85
\c@table=\count86
\abovecaptionskip=\skip41
\belowcaptionskip=\skip42
\bibindent=\dimen102
) ("E:\LaTeX\Examples\Ex 10.aux")
LaTeX Font Info:    Checking defaults for OML/cmm/m/it on input line 3.
LaTeX Font Info:    ... okay on input line 3.
LaTeX Font Info:    Checking defaults for T1/cmr/m/n on input line 3.
LaTeX Font Info:    ... okay on input line 3.
LaTeX Font Info:    Checking defaults for OT1/cmr/m/n on input line 3.
LaTeX Font Info:    ... okay on input line 3.
LaTeX Font Info:    Checking defaults for OMS/cmsy/m/n on input line 3.
LaTeX Font Info:    ... okay on input line 3.
LaTeX Font Info:    Checking defaults for OMX/cmex/m/n on input line 3.
LaTeX Font Info:    ... okay on input line 3.
LaTeX Font Info:    Checking defaults for U/cmr/m/n on input line 3.
LaTeX Font Info:    ... okay on input line 3.
LaTeX Font Info:    External font `cmex10' loaded for size
(Font)              <12> on input line 5.
LaTeX Font Info:    External font `cmex10' loaded for size
(Font)              <8> on input line 5.
LaTeX Font Info:    External font `cmex10' loaded for size
(Font)              <6> on input line 5.

Underfull \hbox (badness 10000) in paragraph at lines 14--16

 []

[1

{C:/Users/dell/AppData/Local/MiKTeX/2.9/pdftex/config/pdftex.map}]
("E:\LaTeX\Examples\Ex 10.aux") ) 
Here is how much of TeX's memory you used:
 223 strings out of 494049
 2354 string characters out of 3154129
 49862 words of memory out of 3000000
 3589 multiletter control sequences out of 15000+200000
 6376 words of font info for 23 fonts, out of 3000000 for 9000
 715 hyphenation exceptions out of 8191
 22i,9n,19p,155b,107s stack positions out of 5000i,500n,10000p,200000b,50000s
<E:/Latex/Tool/fonts/type1/public/amsfonts/cm/
cmex10.pfb><E:/Latex/Tool/fonts/type1/public/amsfonts/cm/cmmi12.pfb><E:/Latex/T
ool/fonts/type1/public/amsfonts/cm/cmr12.pfb><E:/Latex/Tool/fonts/type1/public/
amsfonts/cm/cmsy10.pfb>
Output written on "Ex 10.pdf" (1 page, 35818 bytes).
PDF statistics:
 22 PDF objects out of 1000 (max. 8388607)
 0 named destinations out of 1000 (max. 500000)
 1 words of extra memory for PDF output out of 10000 (max. 10000000)

